<?xml version="1.0" encoding="UTF-8"?>
<!-- Generated by org.testng.reporters.JUnitReportReporter -->
<testsuite hostname="LAPTOP-NVQRL7R7" failures="0" tests="5" name="test.Testing1" time="0.019" errors="0" timestamp="2022-11-18T00:09:09 GMT-05:00" skipped="0">
  <testcase classname="test.Testing1" name="f" time="0.003"/>
  <system-out/>
  <testcase classname="test.Testing1" name="test3" time="0.002"/>
  <system-out/>
  <testcase classname="test.Testing1" name="f" time="0.007"/>
  <system-out/>
  <testcase classname="test.Testing1" name="test1" time="0.003"/>
  <system-out/>
  <testcase classname="test.Testing1" name="test2" time="0.004"/>
  <system-out/>
</testsuite> <!-- test.Testing1 -->
