<?xml version="1.0" encoding="UTF-8"?>
<!-- Generated by org.testng.reporters.JUnitReportReporter -->
<testsuite hostname="LAPTOP-NVQRL7R7" failures="0" tests="2" name="test.Testing2" time="0.002" errors="0" timestamp="2022-11-18T00:09:09 GMT-05:00" skipped="0">
  <testcase classname="test.Testing2" name="test4" time="0.001"/>
  <system-out/>
  <testcase classname="test.Testing2" name="test5" time="0.001"/>
  <system-out/>
</testsuite> <!-- test.Testing2 -->
